Using pre-set license
Built from '2021.3/staging' branch; Version is '2021.3.15f1 (e8e88683f834) revision 15263878'; Using compiler version '192829333'; Build Type 'Release'
OS: 'Windows 11  (10.0.22000) 64bit Professional' Language: 'en' Physical Memory: 32682 MB
BatchMode: 1, IsHumanControllingUs: 0, StartBugReporterOnCrash: 0, Is64bit: 1, IsPro: 1

COMMAND LINE ARGUMENTS:
D:\Unity Editors\2021.3.15f1\Editor\Unity.exe
-adb2
-batchMode
-noUpm
-name
AssetImportWorker5
-projectPath
D:/Repository/University/GameProgLab1Group91/GameProgLab1Group91
-logFile
Logs/AssetImportWorker5.log
-srvPort
19446
Successfully changed project path to: D:/Repository/University/GameProgLab1Group91/GameProgLab1Group91
D:/Repository/University/GameProgLab1Group91/GameProgLab1Group91
[UnityMemory] Configuration Parameters - Can be set up in boot.config
    "memorysetup-bucket-allocator-granularity=16"
    "memorysetup-bucket-allocator-bucket-count=8"
    "memorysetup-bucket-allocator-block-size=33554432"
    "memorysetup-bucket-allocator-block-count=8"
    "memorysetup-main-allocator-block-size=16777216"
    "memorysetup-thread-allocator-block-size=16777216"
    "memorysetup-gfx-main-allocator-block-size=16777216"
    "memorysetup-gfx-thread-allocator-block-size=16777216"
    "memorysetup-cache-allocator-block-size=4194304"
    "memorysetup-typetree-allocator-block-size=2097152"
    "memorysetup-profiler-bucket-allocator-granularity=16"
    "memorysetup-profiler-bucket-allocator-bucket-count=8"
    "memorysetup-profiler-bucket-allocator-block-size=33554432"
    "memorysetup-profiler-bucket-allocator-block-count=8"
    "memorysetup-profiler-allocator-block-size=16777216"
    "memorysetup-profiler-editor-allocator-block-size=1048576"
    "memorysetup-temp-allocator-size-main=16777216"
    "memorysetup-job-temp-allocator-block-size=2097152"
    "memorysetup-job-temp-allocator-block-size-background=1048576"
    "memorysetup-job-temp-allocator-reduction-small-platforms=262144"
    "memorysetup-temp-allocator-size-background-worker=32768"
    "memorysetup-temp-allocator-size-job-worker=262144"
    "memorysetup-temp-allocator-size-preload-manager=33554432"
    "memorysetup-temp-allocator-size-nav-mesh-worker=65536"
    "memorysetup-temp-allocator-size-audio-worker=65536"
    "memorysetup-temp-allocator-size-cloud-worker=32768"
    "memorysetup-temp-allocator-size-gi-baking-worker=262144"
    "memorysetup-temp-allocator-size-gfx=262144"
Player connection [43224] Host "[IP] 192.168.1.101 [Port] 0 [Flags] 2 [Guid] 155469343 [EditorId] 155469343 [Version] 1048832 [Id] WindowsEditor(7,Amadeus) [Debug] 1 [PackageName] WindowsEditor [ProjectName] Editor" joined multi-casting on [225.0.0.222:54997]...

Player connection [43224] Host "[IP] 192.168.1.101 [Port] 0 [Flags] 2 [Guid] 155469343 [EditorId] 155469343 [Version] 1048832 [Id] WindowsEditor(7,Amadeus) [Debug] 1 [PackageName] WindowsEditor [ProjectName] Editor" joined alternative multi-casting on [225.0.0.222:34997]...

Refreshing native plugins compatible for Editor in 125.54 ms, found 4 plugins.
Preloading 0 native plugins for Editor in 0.00 ms.
Initialize engine version: 2021.3.15f1 (e8e88683f834)
[Subsystems] Discovering subsystems at path D:/Unity Editors/2021.3.15f1/Editor/Data/Resources/UnitySubsystems
[Subsystems] Discovering subsystems at path D:/Repository/University/GameProgLab1Group91/GameProgLab1Group91/Assets
GfxDevice: creating device client; threaded=0; jobified=0
Direct3D:
    Version:  Direct3D 11.0 [level 11.1]
    Renderer: NVIDIA GeForce RTX 3090 (ID=0x2204)
    Vendor:   NVIDIA
    VRAM:     24348 MB
    Driver:   31.0.15.2206
Initialize mono
Mono path[0] = 'D:/Unity Editors/2021.3.15f1/Editor/Data/Managed'
Mono path[1] = 'D:/Unity Editors/2021.3.15f1/Editor/Data/MonoBleedingEdge/lib/mono/unityjit-win32'
Mono config path = 'D:/Unity Editors/2021.3.15f1/Editor/Data/MonoBleedingEdge/etc'
Using monoOptions --debugger-agent=transport=dt_socket,embedding=1,server=y,suspend=n,address=127.0.0.1:56728
Begin MonoManager ReloadAssembly
Registering precompiled unity dll's ...
Register platform support module: D:/Unity Editors/2021.3.15f1/Editor/Data/PlaybackEngines/WindowsStandaloneSupport/UnityEditor.WindowsStandalone.Extensions.dll
Registered in 0.001384 seconds.
Native extension for WindowsStandalone target not found
Refreshing native plugins compatible for Editor in 122.84 ms, found 4 plugins.
Preloading 0 native plugins for Editor in 0.00 ms.
Mono: successfully reloaded assembly
- Completed reload, in  0.604 seconds
Domain Reload Profiling:
	ReloadAssembly (605ms)
		BeginReloadAssembly (57ms)
			ExecutionOrderSort (0ms)
			DisableScriptedObjects (0ms)
			BackupInstance (0ms)
			ReleaseScriptingObjects (0ms)
			CreateAndSetChildDomain (1ms)
		EndReloadAssembly (463ms)
			LoadAssemblies (56ms)
			RebuildTransferFunctionScriptingTraits (0ms)
			SetupTypeCache (94ms)
			ReleaseScriptCaches (0ms)
			RebuildScriptCaches (28ms)
			SetupLoadedEditorAssemblies (296ms)
				LogAssemblyErrors (0ms)
				InitializePlatformSupportModulesInManaged (6ms)
				SetLoadedEditorAssemblies (0ms)
				RefreshPlugins (123ms)
				BeforeProcessingInitializeOnLoad (2ms)
				ProcessInitializeOnLoadAttributes (124ms)
				ProcessInitializeOnLoadMethodAttributes (41ms)
				AfterProcessingInitializeOnLoad (0ms)
				EditorAssembliesLoaded (0ms)
			ExecutionOrderSort2 (0ms)
			AwakeInstancesAfterBackupRestoration (0ms)
Platform modules already initialized, skipping
Registering precompiled user dll's ...
Registered in 0.005818 seconds.
Begin MonoManager ReloadAssembly
Symbol file LoadedFromMemory doesn't match image D:\Repository\University\GameProgLab1Group91\GameProgLab1Group91\Library\PackageCache\com.unity.visualscripting@1.7.8\Editor\VisualScripting.Core\Dependencies\YamlDotNet\Unity.VisualScripting.YamlDotNet.dll
Symbol file LoadedFromMemory doesn't match image D:\Repository\University\GameProgLab1Group91\GameProgLab1Group91\Library\PackageCache\com.unity.visualscripting@1.7.8\Editor\VisualScripting.Core\Dependencies\DotNetZip\Unity.VisualScripting.IonicZip.dll
Native extension for WindowsStandalone target not found
Refreshing native plugins compatible for Editor in 112.94 ms, found 4 plugins.
Preloading 0 native plugins for Editor in 0.00 ms.
Mono: successfully reloaded assembly
- Completed reload, in  1.177 seconds
Domain Reload Profiling:
	ReloadAssembly (1177ms)
		BeginReloadAssembly (100ms)
			ExecutionOrderSort (0ms)
			DisableScriptedObjects (6ms)
			BackupInstance (0ms)
			ReleaseScriptingObjects (0ms)
			CreateAndSetChildDomain (22ms)
		EndReloadAssembly (970ms)
			LoadAssemblies (88ms)
			RebuildTransferFunctionScriptingTraits (0ms)
			SetupTypeCache (245ms)
			ReleaseScriptCaches (1ms)
			RebuildScriptCaches (62ms)
			SetupLoadedEditorAssemblies (534ms)
				LogAssemblyErrors (0ms)
				InitializePlatformSupportModulesInManaged (2ms)
				SetLoadedEditorAssemblies (0ms)
				RefreshPlugins (113ms)
				BeforeProcessingInitializeOnLoad (99ms)
				ProcessInitializeOnLoadAttributes (239ms)
				ProcessInitializeOnLoadMethodAttributes (78ms)
				AfterProcessingInitializeOnLoad (2ms)
				EditorAssembliesLoaded (0ms)
			ExecutionOrderSort2 (0ms)
			AwakeInstancesAfterBackupRestoration (6ms)
Platform modules already initialized, skipping
========================================================================
Worker process is ready to serve import requests
Launched and connected shader compiler UnityShaderCompiler.exe after 0.11 seconds
Refreshing native plugins compatible for Editor in 2.55 ms, found 4 plugins.
Preloading 0 native plugins for Editor in 0.00 ms.
Unloading 5514 Unused Serialized files (Serialized files now loaded: 0)
Unloading 48 unused Assets / (0.9 MB). Loaded Objects now: 5965.
Memory consumption went from 216.6 MB to 215.7 MB.
Total: 6.838000 ms (FindLiveObjects: 0.944700 ms CreateObjectMapping: 0.370000 ms MarkObjects: 4.950300 ms  DeleteObjects: 0.571900 ms)

AssetImportParameters requested are different than current active one (requested -> active):
  custom:video-decoder-ogg-theora: a1e56fd34408186e4bbccfd4996cb3dc -> 
  custom:container-muxer-webm: aa71ff27fc2769a1b78a27578f13a17b -> 
  custom:container-demuxer-webm: 4f35f7cbe854078d1ac9338744f61a02 -> 
  custom:video-encoder-webm-vp8: eb34c28f22e8b96e1ab97ce403110664 -> 
  custom:audio-encoder-webm-vorbis: bf7c407c2cedff20999df2af8eb42d56 -> 
  custom:framework-win-MediaFoundation: 216162199b28c13a410421893ffa2e32 -> 
  custom:container-demuxer-ogg: 62fdf1f143b41e24485cea50d1cbac27 -> 
  custom:video-decoder-webm-vp8: 9c59270c3fd7afecdb556c50c9e8de78 -> 
  custom:audio-decoder-ogg-vorbis: bf7c407c2cedff20999df2af8eb42d56 -> 
========================================================================
Received Import Request.
  Time since last request: 12528.817774 seconds.
  path: Assets/Assets/PixelTilesForSideScroller/Sprites/Concrete/ConcreteSlopeWithGrass112.png
  artifactKey: Guid(6534a1c2a8c711d4dbe74392e744d532) Importer(815301076,1909f56bfc062723c751e8b465ee728b)
Start importing Assets/Assets/PixelTilesForSideScroller/Sprites/Concrete/ConcreteSlopeWithGrass112.png using Guid(6534a1c2a8c711d4dbe74392e744d532) Importer(815301076,1909f56bfc062723c751e8b465ee728b)  -> (artifact id: 'b68c5ca50d26b37b886a7f3ea7bf1cf1') in 0.191161 seconds 
========================================================================
Received Import Request.
  Time since last request: 2.166332 seconds.
  path: Assets/Assets/PixelTilesForSideScroller/Sprites/Concrete/ConcreteSlopeWithGrass119.png
  artifactKey: Guid(f9368cbf1af3f0d4fb2794edc8d73c50) Importer(815301076,1909f56bfc062723c751e8b465ee728b)
Start importing Assets/Assets/PixelTilesForSideScroller/Sprites/Concrete/ConcreteSlopeWithGrass119.png using Guid(f9368cbf1af3f0d4fb2794edc8d73c50) Importer(815301076,1909f56bfc062723c751e8b465ee728b)  -> (artifact id: '4de081a3d1208aa65510bdab0ef98a54') in 0.011519 seconds 
========================================================================
Received Import Request.
  Time since last request: 0.000024 seconds.
  path: Assets/Assets/PixelTilesForSideScroller/Sprites/Concrete/ConcreteSlopeWithGrass133.png
  artifactKey: Guid(4deee3c0a30dbf44f93fb35fbd2841f7) Importer(815301076,1909f56bfc062723c751e8b465ee728b)
Start importing Assets/Assets/PixelTilesForSideScroller/Sprites/Concrete/ConcreteSlopeWithGrass133.png using Guid(4deee3c0a30dbf44f93fb35fbd2841f7) Importer(815301076,1909f56bfc062723c751e8b465ee728b)  -> (artifact id: 'ad5a9bf0912c15494d3cd2b93d5bf1bc') in 0.011226 seconds 
========================================================================
Received Import Request.
  Time since last request: 0.000017 seconds.
  path: Assets/Assets/PixelTilesForSideScroller/Sprites/Concrete/ConcreteSlopeWithGrass132.png
  artifactKey: Guid(296c776707db54c46838161150179cd7) Importer(815301076,1909f56bfc062723c751e8b465ee728b)
Start importing Assets/Assets/PixelTilesForSideScroller/Sprites/Concrete/ConcreteSlopeWithGrass132.png using Guid(296c776707db54c46838161150179cd7) Importer(815301076,1909f56bfc062723c751e8b465ee728b)  -> (artifact id: 'feb90f2135911fac90ec579095c68f34') in 0.010845 seconds 
========================================================================
Received Import Request.
  Time since last request: 7.527726 seconds.
  path: Assets/Assets/PixelTilesForSideScroller/Sprites/Concrete/ConcreteSlopeWithGrass141.png
  artifactKey: Guid(288591b298ac289478472b75501aab01) Importer(815301076,1909f56bfc062723c751e8b465ee728b)
Start importing Assets/Assets/PixelTilesForSideScroller/Sprites/Concrete/ConcreteSlopeWithGrass141.png using Guid(288591b298ac289478472b75501aab01) Importer(815301076,1909f56bfc062723c751e8b465ee728b)  -> (artifact id: '4bfe8b250e0dda426c89a21585a738e7') in 0.012452 seconds 
========================================================================
Received Import Request.
  Time since last request: 0.000024 seconds.
  path: Assets/Assets/PixelTilesForSideScroller/Sprites/Concrete/ConcreteSlopeWithGrass155.png
  artifactKey: Guid(39a1b0deb69f8084280df1904bb22a7a) Importer(815301076,1909f56bfc062723c751e8b465ee728b)
Start importing Assets/Assets/PixelTilesForSideScroller/Sprites/Concrete/ConcreteSlopeWithGrass155.png using Guid(39a1b0deb69f8084280df1904bb22a7a) Importer(815301076,1909f56bfc062723c751e8b465ee728b)  -> (artifact id: '5e39aa18856cfe5bbb42227860dcd918') in 0.010640 seconds 
========================================================================
Received Import Request.
  Time since last request: 0.000030 seconds.
  path: Assets/Assets/PixelTilesForSideScroller/Sprites/Concrete/ConcreteSlopeWithGrass143.png
  artifactKey: Guid(6872ce9fe06de4f4bb14728a68a0fb69) Importer(815301076,1909f56bfc062723c751e8b465ee728b)
Start importing Assets/Assets/PixelTilesForSideScroller/Sprites/Concrete/ConcreteSlopeWithGrass143.png using Guid(6872ce9fe06de4f4bb14728a68a0fb69) Importer(815301076,1909f56bfc062723c751e8b465ee728b)  -> (artifact id: '84e7a383e6932bf8a65f341960c64a4e') in 0.011170 seconds 
========================================================================
Received Import Request.
  Time since last request: 0.000022 seconds.
  path: Assets/Assets/PixelTilesForSideScroller/Sprites/Concrete/ConcreteSlopeWithGrass151.png
  artifactKey: Guid(fe85c01ccf5f9214b911af9308b97fc3) Importer(815301076,1909f56bfc062723c751e8b465ee728b)
Start importing Assets/Assets/PixelTilesForSideScroller/Sprites/Concrete/ConcreteSlopeWithGrass151.png using Guid(fe85c01ccf5f9214b911af9308b97fc3) Importer(815301076,1909f56bfc062723c751e8b465ee728b)  -> (artifact id: '7e1ec6b1f1f12553827367b55b34dbac') in 0.010620 seconds 
========================================================================
Received Import Request.
  Time since last request: 0.000022 seconds.
  path: Assets/Assets/PixelTilesForSideScroller/Sprites/Concrete/ConcreteStairsWithGrass19.png
  artifactKey: Guid(c3eb055aec7aaf64ea10f7187550cefc) Importer(815301076,1909f56bfc062723c751e8b465ee728b)
Start importing Assets/Assets/PixelTilesForSideScroller/Sprites/Concrete/ConcreteStairsWithGrass19.png using Guid(c3eb055aec7aaf64ea10f7187550cefc) Importer(815301076,1909f56bfc062723c751e8b465ee728b)  -> (artifact id: 'ec2467bad69ee2bd27e9ee45564644b4') in 0.011139 seconds 
========================================================================
Received Import Request.
  Time since last request: 0.000027 seconds.
  path: Assets/Assets/PixelTilesForSideScroller/Sprites/Concrete/ConcreteStairsWithGrass17.png
  artifactKey: Guid(5f834ee476b5b80429a44cf6c8d5ff3c) Importer(815301076,1909f56bfc062723c751e8b465ee728b)
Start importing Assets/Assets/PixelTilesForSideScroller/Sprites/Concrete/ConcreteStairsWithGrass17.png using Guid(5f834ee476b5b80429a44cf6c8d5ff3c) Importer(815301076,1909f56bfc062723c751e8b465ee728b)  -> (artifact id: '8fefae49c74eef72d67a1b6b7442c593') in 0.010491 seconds 
========================================================================
Received Import Request.
  Time since last request: 0.973756 seconds.
  path: Assets/Assets/PixelTilesForSideScroller/Sprites/Concrete/ConcreteWithGrass10.png
  artifactKey: Guid(c7ee779560e1d684ca8cbac7dda8e6e4) Importer(815301076,1909f56bfc062723c751e8b465ee728b)
Start importing Assets/Assets/PixelTilesForSideScroller/Sprites/Concrete/ConcreteWithGrass10.png using Guid(c7ee779560e1d684ca8cbac7dda8e6e4) Importer(815301076,1909f56bfc062723c751e8b465ee728b)  -> (artifact id: '848e0a7da3a9fcc785d148085f314f92') in 0.012236 seconds 
========================================================================
Received Import Request.
  Time since last request: 0.000023 seconds.
  path: Assets/Assets/PixelTilesForSideScroller/Sprites/Concrete/ConcreteWithGrass13.png
  artifactKey: Guid(0e323042e9503e949931a949b4118a7d) Importer(815301076,1909f56bfc062723c751e8b465ee728b)
Start importing Assets/Assets/PixelTilesForSideScroller/Sprites/Concrete/ConcreteWithGrass13.png using Guid(0e323042e9503e949931a949b4118a7d) Importer(815301076,1909f56bfc062723c751e8b465ee728b)  -> (artifact id: 'f84de76ccc697360ce64f781e891a1da') in 0.012803 seconds 
========================================================================
Received Import Request.
  Time since last request: 0.000027 seconds.
  path: Assets/Assets/PixelTilesForSideScroller/Sprites/Concrete/ConcreteWithGrass19.png
  artifactKey: Guid(09d72f17c8803d44980fc5c20e3810f3) Importer(815301076,1909f56bfc062723c751e8b465ee728b)
Start importing Assets/Assets/PixelTilesForSideScroller/Sprites/Concrete/ConcreteWithGrass19.png using Guid(09d72f17c8803d44980fc5c20e3810f3) Importer(815301076,1909f56bfc062723c751e8b465ee728b)  -> (artifact id: '6b6a680ef6f7f2f0674b98c1bfe57bf4') in 0.011284 seconds 
========================================================================
Received Import Request.
  Time since last request: 0.653580 seconds.
  path: Assets/Assets/PixelTilesForSideScroller/Sprites/Concrete/ConcreteWithGrass32.png
  artifactKey: Guid(56a93fc56ba892f41bd50c4f51a9ed09) Importer(815301076,1909f56bfc062723c751e8b465ee728b)
Start importing Assets/Assets/PixelTilesForSideScroller/Sprites/Concrete/ConcreteWithGrass32.png using Guid(56a93fc56ba892f41bd50c4f51a9ed09) Importer(815301076,1909f56bfc062723c751e8b465ee728b)  -> (artifact id: '79c51ce7c016f7d0fc1d28a4f04cf511') in 0.011782 seconds 
========================================================================
Received Import Request.
  Time since last request: 0.000023 seconds.
  path: Assets/Assets/PixelTilesForSideScroller/Sprites/Concrete/ConcreteWithGrass39.png
  artifactKey: Guid(201e59b91a76f004a8e3789ff20c46cc) Importer(815301076,1909f56bfc062723c751e8b465ee728b)
Start importing Assets/Assets/PixelTilesForSideScroller/Sprites/Concrete/ConcreteWithGrass39.png using Guid(201e59b91a76f004a8e3789ff20c46cc) Importer(815301076,1909f56bfc062723c751e8b465ee728b)  -> (artifact id: '97fc284b2a31d3924789fc338fe92e3e') in 0.009969 seconds 
========================================================================
Received Import Request.
  Time since last request: 0.000017 seconds.
  path: Assets/Assets/PixelTilesForSideScroller/Sprites/Concrete/ConcreteWithGrass43.png
  artifactKey: Guid(1c690f128668ca740be6a7d22d91d882) Importer(815301076,1909f56bfc062723c751e8b465ee728b)
Start importing Assets/Assets/PixelTilesForSideScroller/Sprites/Concrete/ConcreteWithGrass43.png using Guid(1c690f128668ca740be6a7d22d91d882) Importer(815301076,1909f56bfc062723c751e8b465ee728b)  -> (artifact id: 'c77bb2666e2c217592ae03d43175d59e') in 0.011055 seconds 
========================================================================
Received Import Request.
  Time since last request: 0.000017 seconds.
  path: Assets/Assets/PixelTilesForSideScroller/Sprites/Concrete/ConcreteWithGrass36.png
  artifactKey: Guid(8bf352d936b4d6342ac7252896aeb123) Importer(815301076,1909f56bfc062723c751e8b465ee728b)
Start importing Assets/Assets/PixelTilesForSideScroller/Sprites/Concrete/ConcreteWithGrass36.png using Guid(8bf352d936b4d6342ac7252896aeb123) Importer(815301076,1909f56bfc062723c751e8b465ee728b)  -> (artifact id: 'fdc1e24eea9410bca96a05f3e00fad23') in 0.011983 seconds 
========================================================================
Received Import Request.
  Time since last request: 0.356098 seconds.
  path: Assets/Assets/PixelTilesForSideScroller/Sprites/Concrete/ConcreteWithGrass54.png
  artifactKey: Guid(b863f0e9b3ce9b3448bb65555fd81e8c) Importer(815301076,1909f56bfc062723c751e8b465ee728b)
Start importing Assets/Assets/PixelTilesForSideScroller/Sprites/Concrete/ConcreteWithGrass54.png using Guid(b863f0e9b3ce9b3448bb65555fd81e8c) Importer(815301076,1909f56bfc062723c751e8b465ee728b)  -> (artifact id: 'a163c5e7aa3e4b8b6e617f3ae97cc35c') in 0.011480 seconds 
========================================================================
Received Import Request.
  Time since last request: 0.000023 seconds.
  path: Assets/Assets/PixelTilesForSideScroller/Sprites/Concrete/ConcreteWithGrass55.png
  artifactKey: Guid(c8344eda0fa341b4c891f31f7704fb7e) Importer(815301076,1909f56bfc062723c751e8b465ee728b)
Start importing Assets/Assets/PixelTilesForSideScroller/Sprites/Concrete/ConcreteWithGrass55.png using Guid(c8344eda0fa341b4c891f31f7704fb7e) Importer(815301076,1909f56bfc062723c751e8b465ee728b)  -> (artifact id: '87372599856c479acfe8ee461469d85f') in 0.010806 seconds 
========================================================================
Received Import Request.
  Time since last request: 0.000021 seconds.
  path: Assets/Assets/PixelTilesForSideScroller/Sprites/Concrete/ConcreteWithGrass66.png
  artifactKey: Guid(8ba06158e3350bd47957ab5eb6d44ba0) Importer(815301076,1909f56bfc062723c751e8b465ee728b)
Start importing Assets/Assets/PixelTilesForSideScroller/Sprites/Concrete/ConcreteWithGrass66.png using Guid(8ba06158e3350bd47957ab5eb6d44ba0) Importer(815301076,1909f56bfc062723c751e8b465ee728b)  -> (artifact id: '470973cb3a32804251007544d54f48ca') in 0.013674 seconds 
========================================================================
Received Import Request.
  Time since last request: 0.046894 seconds.
  path: Assets/Assets/PixelTilesForSideScroller/Sprites/Concrete/ConcreteWithGrass76.png
  artifactKey: Guid(b758876163b22c844af1fa44eec5ea65) Importer(815301076,1909f56bfc062723c751e8b465ee728b)
Start importing Assets/Assets/PixelTilesForSideScroller/Sprites/Concrete/ConcreteWithGrass76.png using Guid(b758876163b22c844af1fa44eec5ea65) Importer(815301076,1909f56bfc062723c751e8b465ee728b)  -> (artifact id: '66a43c42a03e47023a8335f62fddc921') in 0.009918 seconds 
========================================================================
Received Import Request.
  Time since last request: 0.000022 seconds.
  path: Assets/Assets/PixelTilesForSideScroller/Sprites/Concrete/ConcreteWithGrass77.png
  artifactKey: Guid(baba8fed2efb26746977c2321dc8fd24) Importer(815301076,1909f56bfc062723c751e8b465ee728b)
Start importing Assets/Assets/PixelTilesForSideScroller/Sprites/Concrete/ConcreteWithGrass77.png using Guid(baba8fed2efb26746977c2321dc8fd24) Importer(815301076,1909f56bfc062723c751e8b465ee728b)  -> (artifact id: 'd635fafe56942d2c644f3ce101998149') in 0.011258 seconds 
========================================================================
Received Import Request.
  Time since last request: 0.000031 seconds.
  path: Assets/Assets/PixelTilesForSideScroller/Sprites/Concrete/ConcreteWithGrass87.png
  artifactKey: Guid(d553dea776b90a64ab0e7395c6fed586) Importer(815301076,1909f56bfc062723c751e8b465ee728b)
Start importing Assets/Assets/PixelTilesForSideScroller/Sprites/Concrete/ConcreteWithGrass87.png using Guid(d553dea776b90a64ab0e7395c6fed586) Importer(815301076,1909f56bfc062723c751e8b465ee728b)  -> (artifact id: '97f37c897dfaad008aaa60cb2c870110') in 0.010841 seconds 
========================================================================
Received Import Request.
  Time since last request: 0.000032 seconds.
  path: Assets/Assets/PixelTilesForSideScroller/Sprites/Concrete/ConcreteWithGrass82.png
  artifactKey: Guid(59668f920a67aa046b89dd029ab560d3) Importer(815301076,1909f56bfc062723c751e8b465ee728b)
Start importing Assets/Assets/PixelTilesForSideScroller/Sprites/Concrete/ConcreteWithGrass82.png using Guid(59668f920a67aa046b89dd029ab560d3) Importer(815301076,1909f56bfc062723c751e8b465ee728b)  -> (artifact id: '1940450b7c3842e58265ca7916575d32') in 0.010596 seconds 
========================================================================
Received Import Request.
  Time since last request: 22.553284 seconds.
  path: Assets/Assets/PixelTilesForSideScroller/Sprites/Concrete/ConcreteWithGrass123.png
  artifactKey: Guid(790f30fdc2edb3540af578f78ad9aeb3) Importer(815301076,1909f56bfc062723c751e8b465ee728b)
Start importing Assets/Assets/PixelTilesForSideScroller/Sprites/Concrete/ConcreteWithGrass123.png using Guid(790f30fdc2edb3540af578f78ad9aeb3) Importer(815301076,1909f56bfc062723c751e8b465ee728b)  -> (artifact id: '001d7abd646209e8c9c894d4a8c4b9f4') in 0.015839 seconds 
========================================================================
Received Import Request.
  Time since last request: 0.000029 seconds.
  path: Assets/Assets/PixelTilesForSideScroller/Sprites/Concrete/ConcreteWithGrass203.png
  artifactKey: Guid(93bf5b89a3d840643be0c557172a1540) Importer(815301076,1909f56bfc062723c751e8b465ee728b)
Start importing Assets/Assets/PixelTilesForSideScroller/Sprites/Concrete/ConcreteWithGrass203.png using Guid(93bf5b89a3d840643be0c557172a1540) Importer(815301076,1909f56bfc062723c751e8b465ee728b)  -> (artifact id: '4d6055549b2180d97e2d4a18b5bf8de4') in 0.016508 seconds 
========================================================================
Received Import Request.
  Time since last request: 0.000020 seconds.
  path: Assets/Assets/PixelTilesForSideScroller/Sprites/Concrete/ConcreteWithGrass134.png
  artifactKey: Guid(44445a5e1dce48c4aaa86265ac9ddcb0) Importer(815301076,1909f56bfc062723c751e8b465ee728b)
Start importing Assets/Assets/PixelTilesForSideScroller/Sprites/Concrete/ConcreteWithGrass134.png using Guid(44445a5e1dce48c4aaa86265ac9ddcb0) Importer(815301076,1909f56bfc062723c751e8b465ee728b)  -> (artifact id: '5468ac5a80db0cf32c109caa399aafd1') in 0.011631 seconds 
========================================================================
Received Import Request.
  Time since last request: 0.000020 seconds.
  path: Assets/Assets/PixelTilesForSideScroller/Sprites/Concrete/ConcreteWithGrass141.png
  artifactKey: Guid(b7e3a5e7a536b3a4ebb163a0e92ec983) Importer(815301076,1909f56bfc062723c751e8b465ee728b)
Start importing Assets/Assets/PixelTilesForSideScroller/Sprites/Concrete/ConcreteWithGrass141.png using Guid(b7e3a5e7a536b3a4ebb163a0e92ec983) Importer(815301076,1909f56bfc062723c751e8b465ee728b)  -> (artifact id: 'b4ad1419d55f4357e617d38e5f6181d2') in 0.012077 seconds 
========================================================================
Received Import Request.
  Time since last request: 0.000018 seconds.
  path: Assets/Assets/PixelTilesForSideScroller/Sprites/Concrete/ConcreteWithGrass187.png
  artifactKey: Guid(770e460ccdac74840bbe49b602a6f370) Importer(815301076,1909f56bfc062723c751e8b465ee728b)
Start importing Assets/Assets/PixelTilesForSideScroller/Sprites/Concrete/ConcreteWithGrass187.png using Guid(770e460ccdac74840bbe49b602a6f370) Importer(815301076,1909f56bfc062723c751e8b465ee728b)  -> (artifact id: 'cbbd207f1b8f8730c0bc7a3632bb43ec') in 0.012835 seconds 
========================================================================
Received Import Request.
  Time since last request: 0.000046 seconds.
  path: Assets/Assets/PixelTilesForSideScroller/Sprites/Concrete/ConcreteWithGrass158.png
  artifactKey: Guid(3d584f267ff0c7449a472a1ddfb6829d) Importer(815301076,1909f56bfc062723c751e8b465ee728b)
Start importing Assets/Assets/PixelTilesForSideScroller/Sprites/Concrete/ConcreteWithGrass158.png using Guid(3d584f267ff0c7449a472a1ddfb6829d) Importer(815301076,1909f56bfc062723c751e8b465ee728b)  -> (artifact id: 'ef28c28b5a9b5d5c02fa304f20bc8d18') in 0.012215 seconds 
========================================================================
Received Import Request.
  Time since last request: 0.000032 seconds.
  path: Assets/Assets/PixelTilesForSideScroller/Sprites/Concrete/ConcreteWithGrass191.png
  artifactKey: Guid(6926ef15d5173304a8d1302b52cbd253) Importer(815301076,1909f56bfc062723c751e8b465ee728b)
Start importing Assets/Assets/PixelTilesForSideScroller/Sprites/Concrete/ConcreteWithGrass191.png using Guid(6926ef15d5173304a8d1302b52cbd253) Importer(815301076,1909f56bfc062723c751e8b465ee728b)  -> (artifact id: '2cc39588655edf99caa498f52e212ea4') in 0.013754 seconds 
========================================================================
Received Import Request.
  Time since last request: 0.000018 seconds.
  path: Assets/Assets/PixelTilesForSideScroller/Sprites/Concrete/ConcreteWithGrass159.png
  artifactKey: Guid(85b62933666bdbc4f939ec646be890e2) Importer(815301076,1909f56bfc062723c751e8b465ee728b)
Start importing Assets/Assets/PixelTilesForSideScroller/Sprites/Concrete/ConcreteWithGrass159.png using Guid(85b62933666bdbc4f939ec646be890e2) Importer(815301076,1909f56bfc062723c751e8b465ee728b)  -> (artifact id: '32911c4012ecd17805297a5221c8b34d') in 0.013573 seconds 
========================================================================
Received Import Request.
  Time since last request: 0.000024 seconds.
  path: Assets/Assets/PixelTilesForSideScroller/Sprites/Concrete/ConcreteWithGrass154.png
  artifactKey: Guid(192b82dfdc360d24ea9e10d9f7ff44ed) Importer(815301076,1909f56bfc062723c751e8b465ee728b)
Start importing Assets/Assets/PixelTilesForSideScroller/Sprites/Concrete/ConcreteWithGrass154.png using Guid(192b82dfdc360d24ea9e10d9f7ff44ed) Importer(815301076,1909f56bfc062723c751e8b465ee728b)  -> (artifact id: 'baddd0272db58e67991eb2aee4008ba5') in 0.014612 seconds 
========================================================================
Received Import Request.
  Time since last request: 0.000020 seconds.
  path: Assets/Assets/PixelTilesForSideScroller/Sprites/Concrete/ConcreteWithGrass163.png
  artifactKey: Guid(47e364772d96c294a8ee72b4d87b6a1f) Importer(815301076,1909f56bfc062723c751e8b465ee728b)
Start importing Assets/Assets/PixelTilesForSideScroller/Sprites/Concrete/ConcreteWithGrass163.png using Guid(47e364772d96c294a8ee72b4d87b6a1f) Importer(815301076,1909f56bfc062723c751e8b465ee728b)  -> (artifact id: '2970416d370ec9c7fb4ff6d51505d8aa') in 0.011768 seconds 
========================================================================
Received Import Request.
  Time since last request: 0.000028 seconds.
  path: Assets/Assets/PixelTilesForSideScroller/Sprites/Concrete/ConcreteWithGrass147.png
  artifactKey: Guid(4dfa7b4c1ce8d554492a937ff738b9e2) Importer(815301076,1909f56bfc062723c751e8b465ee728b)
Start importing Assets/Assets/PixelTilesForSideScroller/Sprites/Concrete/ConcreteWithGrass147.png using Guid(4dfa7b4c1ce8d554492a937ff738b9e2) Importer(815301076,1909f56bfc062723c751e8b465ee728b)  -> (artifact id: '691cb4ffcaf6ecd77b36449f4a1bcfaf') in 0.011152 seconds 
========================================================================
Received Import Request.
  Time since last request: 0.000040 seconds.
  path: Assets/Assets/PixelTilesForSideScroller/Sprites/Concrete/ConcreteWithGrass138.png
  artifactKey: Guid(7808ef4f7c7d62f44b4d7fedeacef318) Importer(815301076,1909f56bfc062723c751e8b465ee728b)
Start importing Assets/Assets/PixelTilesForSideScroller/Sprites/Concrete/ConcreteWithGrass138.png using Guid(7808ef4f7c7d62f44b4d7fedeacef318) Importer(815301076,1909f56bfc062723c751e8b465ee728b)  -> (artifact id: 'cf4006e095e680260585c75c50dec254') in 0.012449 seconds 
========================================================================
Received Import Request.
  Time since last request: 0.000018 seconds.
  path: Assets/Assets/PixelTilesForSideScroller/Sprites/Concrete/ConcreteWithGrass135.png
  artifactKey: Guid(f5e25bb98de62d64aa9107c1d7c03bf4) Importer(815301076,1909f56bfc062723c751e8b465ee728b)
Start importing Assets/Assets/PixelTilesForSideScroller/Sprites/Concrete/ConcreteWithGrass135.png using Guid(f5e25bb98de62d64aa9107c1d7c03bf4) Importer(815301076,1909f56bfc062723c751e8b465ee728b)  -> (artifact id: 'de1f93a2878116411eb01b5eda0c3e5c') in 0.013033 seconds 
========================================================================
Received Import Request.
  Time since last request: 0.000023 seconds.
  path: Assets/Assets/PixelTilesForSideScroller/Sprites/Concrete/ConcreteWithGrass156.png
  artifactKey: Guid(ae4a22053ff99bd48ac3d5f2140cbe9a) Importer(815301076,1909f56bfc062723c751e8b465ee728b)
Start importing Assets/Assets/PixelTilesForSideScroller/Sprites/Concrete/ConcreteWithGrass156.png using Guid(ae4a22053ff99bd48ac3d5f2140cbe9a) Importer(815301076,1909f56bfc062723c751e8b465ee728b)  -> (artifact id: '9e52beeeb3fd152b9554c92d99626a94') in 0.011104 seconds 
========================================================================
Received Import Request.
  Time since last request: 0.000021 seconds.
  path: Assets/Assets/PixelTilesForSideScroller/Sprites/Concrete/ConcreteWithGrass165.png
  artifactKey: Guid(6c15e4fb07d8d7e46975b4bad28946f0) Importer(815301076,1909f56bfc062723c751e8b465ee728b)
Start importing Assets/Assets/PixelTilesForSideScroller/Sprites/Concrete/ConcreteWithGrass165.png using Guid(6c15e4fb07d8d7e46975b4bad28946f0) Importer(815301076,1909f56bfc062723c751e8b465ee728b)  -> (artifact id: '3528d45a2a7c80e980d9a79cd72bb188') in 0.011121 seconds 
========================================================================
Received Import Request.
  Time since last request: 0.000025 seconds.
  path: Assets/Assets/PixelTilesForSideScroller/Sprites/Concrete/ConcreteWithGrass153.png
  artifactKey: Guid(448e9807558526f4e9556f31fee9122e) Importer(815301076,1909f56bfc062723c751e8b465ee728b)
Start importing Assets/Assets/PixelTilesForSideScroller/Sprites/Concrete/ConcreteWithGrass153.png using Guid(448e9807558526f4e9556f31fee9122e) Importer(815301076,1909f56bfc062723c751e8b465ee728b)  -> (artifact id: '070f2c43ef5ef43f05126cefb959eaa5') in 0.011999 seconds 
========================================================================
Received Import Request.
  Time since last request: 4.794400 seconds.
  path: Assets/Assets/PixelTilesForSideScroller/Sprites/Concrete/ConcreteWithGrass101.png
  artifactKey: Guid(8ef9ab3474c95ff41a09a3a0644f5b86) Importer(815301076,1909f56bfc062723c751e8b465ee728b)
Start importing Assets/Assets/PixelTilesForSideScroller/Sprites/Concrete/ConcreteWithGrass101.png using Guid(8ef9ab3474c95ff41a09a3a0644f5b86) Importer(815301076,1909f56bfc062723c751e8b465ee728b)  -> (artifact id: '1c293eb06872d4fa7ac37ada7ca635f6') in 0.013355 seconds 
========================================================================
Received Import Request.
  Time since last request: 0.000031 seconds.
  path: Assets/Assets/PixelTilesForSideScroller/Sprites/Concrete/ConcreteWithGrass110.png
  artifactKey: Guid(e19f1e49f12f7c64eaa08f8f3680eeab) Importer(815301076,1909f56bfc062723c751e8b465ee728b)
Start importing Assets/Assets/PixelTilesForSideScroller/Sprites/Concrete/ConcreteWithGrass110.png using Guid(e19f1e49f12f7c64eaa08f8f3680eeab) Importer(815301076,1909f56bfc062723c751e8b465ee728b)  -> (artifact id: '475295e8016c0bd27abcafd3ac5f8c24') in 0.014627 seconds 
========================================================================
Received Import Request.
  Time since last request: 0.000038 seconds.
  path: Assets/Assets/PixelTilesForSideScroller/Sprites/Concrete/ConcreteWithGrass107.png
  artifactKey: Guid(b29d50af7d79e2443a6c4bb1a1f9c93f) Importer(815301076,1909f56bfc062723c751e8b465ee728b)
Start importing Assets/Assets/PixelTilesForSideScroller/Sprites/Concrete/ConcreteWithGrass107.png using Guid(b29d50af7d79e2443a6c4bb1a1f9c93f) Importer(815301076,1909f56bfc062723c751e8b465ee728b)  -> (artifact id: '19e2d04b66c40d8bc80e5b1f057960a4') in 0.013714 seconds 
========================================================================
Received Import Request.
  Time since last request: 0.000018 seconds.
  path: Assets/Assets/PixelTilesForSideScroller/Sprites/Concrete/ConcreteWithGrass103.png
  artifactKey: Guid(69c879b9ac86a7240aee5ac59fb0b5d8) Importer(815301076,1909f56bfc062723c751e8b465ee728b)
Start importing Assets/Assets/PixelTilesForSideScroller/Sprites/Concrete/ConcreteWithGrass103.png using Guid(69c879b9ac86a7240aee5ac59fb0b5d8) Importer(815301076,1909f56bfc062723c751e8b465ee728b)  -> (artifact id: '615390b6e52969fcdaaf56aad4a0ae77') in 0.010353 seconds 
========================================================================
Received Import Request.
  Time since last request: 3.856421 seconds.
  path: Assets/Assets/PixelTilesForSideScroller/TileAssets/Nature/Flower28.asset
  artifactKey: Guid(fa5f34fe46935a5478cf1e2a309bb61b) Importer(815301076,1909f56bfc062723c751e8b465ee728b)
Start importing Assets/Assets/PixelTilesForSideScroller/TileAssets/Nature/Flower28.asset using Guid(fa5f34fe46935a5478cf1e2a309bb61b) Importer(815301076,1909f56bfc062723c751e8b465ee728b)  -> (artifact id: '5390c36d4731aec48e8825f6d19ea12b') in 0.087214 seconds 
========================================================================
Received Import Request.
  Time since last request: 0.000021 seconds.
  path: Assets/Assets/PixelTilesForSideScroller/TileAssets/Rock/Rock28.asset
  artifactKey: Guid(3d1105089a630f14aa09e7c62aa2d837) Importer(815301076,1909f56bfc062723c751e8b465ee728b)
Start importing Assets/Assets/PixelTilesForSideScroller/TileAssets/Rock/Rock28.asset using Guid(3d1105089a630f14aa09e7c62aa2d837) Importer(815301076,1909f56bfc062723c751e8b465ee728b)  -> (artifact id: 'c2b52981daefa554fcb58dfa361bb46c') in 0.007044 seconds 
Editor requested this worker to shutdown with reason: Scaling down because of idle timeout
AssetImportWorker is now disconnected from the server
Process exiting
Exiting without the bug reporter. Application will terminate with return code 0