Using pre-set license
Built from '2021.3/staging' branch; Version is '2021.3.15f1 (e8e88683f834) revision 15263878'; Using compiler version '192829333'; Build Type 'Release'
OS: 'Windows 11  (10.0.22000) 64bit Professional' Language: 'en' Physical Memory: 32682 MB
BatchMode: 1, IsHumanControllingUs: 0, StartBugReporterOnCrash: 0, Is64bit: 1, IsPro: 1

COMMAND LINE ARGUMENTS:
D:\Unity Editors\2021.3.15f1\Editor\Unity.exe
-adb2
-batchMode
-noUpm
-name
AssetImportWorker3
-projectPath
D:/Repository/University/GameProgLab1Group91/GameProgLab1Group91
-logFile
Logs/AssetImportWorker3.log
-srvPort
19446
Successfully changed project path to: D:/Repository/University/GameProgLab1Group91/GameProgLab1Group91
D:/Repository/University/GameProgLab1Group91/GameProgLab1Group91
[UnityMemory] Configuration Parameters - Can be set up in boot.config
    "memorysetup-bucket-allocator-granularity=16"
    "memorysetup-bucket-allocator-bucket-count=8"
    "memorysetup-bucket-allocator-block-size=33554432"
    "memorysetup-bucket-allocator-block-count=8"
    "memorysetup-main-allocator-block-size=16777216"
    "memorysetup-thread-allocator-block-size=16777216"
    "memorysetup-gfx-main-allocator-block-size=16777216"
    "memorysetup-gfx-thread-allocator-block-size=16777216"
    "memorysetup-cache-allocator-block-size=4194304"
    "memorysetup-typetree-allocator-block-size=2097152"
    "memorysetup-profiler-bucket-allocator-granularity=16"
    "memorysetup-profiler-bucket-allocator-bucket-count=8"
    "memorysetup-profiler-bucket-allocator-block-size=33554432"
    "memorysetup-profiler-bucket-allocator-block-count=8"
    "memorysetup-profiler-allocator-block-size=16777216"
    "memorysetup-profiler-editor-allocator-block-size=1048576"
    "memorysetup-temp-allocator-size-main=16777216"
    "memorysetup-job-temp-allocator-block-size=2097152"
    "memorysetup-job-temp-allocator-block-size-background=1048576"
    "memorysetup-job-temp-allocator-reduction-small-platforms=262144"
    "memorysetup-temp-allocator-size-background-worker=32768"
    "memorysetup-temp-allocator-size-job-worker=262144"
    "memorysetup-temp-allocator-size-preload-manager=33554432"
    "memorysetup-temp-allocator-size-nav-mesh-worker=65536"
    "memorysetup-temp-allocator-size-audio-worker=65536"
    "memorysetup-temp-allocator-size-cloud-worker=32768"
    "memorysetup-temp-allocator-size-gi-baking-worker=262144"
    "memorysetup-temp-allocator-size-gfx=262144"
Player connection [41136] Host "[IP] 192.168.1.101 [Port] 0 [Flags] 2 [Guid] 1715531621 [EditorId] 1715531621 [Version] 1048832 [Id] WindowsEditor(7,Amadeus) [Debug] 1 [PackageName] WindowsEditor [ProjectName] Editor" joined multi-casting on [225.0.0.222:54997]...

Player connection [41136] Host "[IP] 192.168.1.101 [Port] 0 [Flags] 2 [Guid] 1715531621 [EditorId] 1715531621 [Version] 1048832 [Id] WindowsEditor(7,Amadeus) [Debug] 1 [PackageName] WindowsEditor [ProjectName] Editor" joined alternative multi-casting on [225.0.0.222:34997]...

Refreshing native plugins compatible for Editor in 121.79 ms, found 4 plugins.
Preloading 0 native plugins for Editor in 0.00 ms.
Initialize engine version: 2021.3.15f1 (e8e88683f834)
[Subsystems] Discovering subsystems at path D:/Unity Editors/2021.3.15f1/Editor/Data/Resources/UnitySubsystems
[Subsystems] Discovering subsystems at path D:/Repository/University/GameProgLab1Group91/GameProgLab1Group91/Assets
GfxDevice: creating device client; threaded=0; jobified=0
Direct3D:
    Version:  Direct3D 11.0 [level 11.1]
    Renderer: NVIDIA GeForce RTX 3090 (ID=0x2204)
    Vendor:   NVIDIA
    VRAM:     24348 MB
    Driver:   31.0.15.2206
Initialize mono
Mono path[0] = 'D:/Unity Editors/2021.3.15f1/Editor/Data/Managed'
Mono path[1] = 'D:/Unity Editors/2021.3.15f1/Editor/Data/MonoBleedingEdge/lib/mono/unityjit-win32'
Mono config path = 'D:/Unity Editors/2021.3.15f1/Editor/Data/MonoBleedingEdge/etc'
Using monoOptions --debugger-agent=transport=dt_socket,embedding=1,server=y,suspend=n,address=127.0.0.1:56360
Begin MonoManager ReloadAssembly
Registering precompiled unity dll's ...
Register platform support module: D:/Unity Editors/2021.3.15f1/Editor/Data/PlaybackEngines/WindowsStandaloneSupport/UnityEditor.WindowsStandalone.Extensions.dll
Registered in 0.002020 seconds.
Native extension for WindowsStandalone target not found
Refreshing native plugins compatible for Editor in 129.57 ms, found 4 plugins.
Preloading 0 native plugins for Editor in 0.00 ms.
Mono: successfully reloaded assembly
- Completed reload, in  0.619 seconds
Domain Reload Profiling:
	ReloadAssembly (620ms)
		BeginReloadAssembly (64ms)
			ExecutionOrderSort (0ms)
			DisableScriptedObjects (0ms)
			BackupInstance (0ms)
			ReleaseScriptingObjects (0ms)
			CreateAndSetChildDomain (1ms)
		EndReloadAssembly (472ms)
			LoadAssemblies (63ms)
			RebuildTransferFunctionScriptingTraits (0ms)
			SetupTypeCache (96ms)
			ReleaseScriptCaches (0ms)
			RebuildScriptCaches (28ms)
			SetupLoadedEditorAssemblies (305ms)
				LogAssemblyErrors (0ms)
				InitializePlatformSupportModulesInManaged (6ms)
				SetLoadedEditorAssemblies (0ms)
				RefreshPlugins (130ms)
				BeforeProcessingInitializeOnLoad (1ms)
				ProcessInitializeOnLoadAttributes (129ms)
				ProcessInitializeOnLoadMethodAttributes (39ms)
				AfterProcessingInitializeOnLoad (0ms)
				EditorAssembliesLoaded (0ms)
			ExecutionOrderSort2 (0ms)
			AwakeInstancesAfterBackupRestoration (0ms)
Platform modules already initialized, skipping
Registering precompiled user dll's ...
Registered in 0.004849 seconds.
Begin MonoManager ReloadAssembly
Symbol file LoadedFromMemory doesn't match image D:\Repository\University\GameProgLab1Group91\GameProgLab1Group91\Library\PackageCache\com.unity.visualscripting@1.7.8\Editor\VisualScripting.Core\Dependencies\YamlDotNet\Unity.VisualScripting.YamlDotNet.dll
Symbol file LoadedFromMemory doesn't match image D:\Repository\University\GameProgLab1Group91\GameProgLab1Group91\Library\PackageCache\com.unity.visualscripting@1.7.8\Editor\VisualScripting.Core\Dependencies\DotNetZip\Unity.VisualScripting.IonicZip.dll
Native extension for WindowsStandalone target not found
Refreshing native plugins compatible for Editor in 114.55 ms, found 4 plugins.
Preloading 0 native plugins for Editor in 0.00 ms.
Mono: successfully reloaded assembly
- Completed reload, in  1.175 seconds
Domain Reload Profiling:
	ReloadAssembly (1175ms)
		BeginReloadAssembly (105ms)
			ExecutionOrderSort (0ms)
			DisableScriptedObjects (5ms)
			BackupInstance (0ms)
			ReleaseScriptingObjects (0ms)
			CreateAndSetChildDomain (26ms)
		EndReloadAssembly (970ms)
			LoadAssemblies (86ms)
			RebuildTransferFunctionScriptingTraits (0ms)
			SetupTypeCache (253ms)
			ReleaseScriptCaches (1ms)
			RebuildScriptCaches (54ms)
			SetupLoadedEditorAssemblies (526ms)
				LogAssemblyErrors (0ms)
				InitializePlatformSupportModulesInManaged (2ms)
				SetLoadedEditorAssemblies (0ms)
				RefreshPlugins (115ms)
				BeforeProcessingInitializeOnLoad (93ms)
				ProcessInitializeOnLoadAttributes (235ms)
				ProcessInitializeOnLoadMethodAttributes (78ms)
				AfterProcessingInitializeOnLoad (2ms)
				EditorAssembliesLoaded (0ms)
			ExecutionOrderSort2 (0ms)
			AwakeInstancesAfterBackupRestoration (7ms)
Platform modules already initialized, skipping
========================================================================
Worker process is ready to serve import requests
Launched and connected shader compiler UnityShaderCompiler.exe after 0.07 seconds
Refreshing native plugins compatible for Editor in 2.01 ms, found 4 plugins.
Preloading 0 native plugins for Editor in 0.00 ms.
Unloading 5514 Unused Serialized files (Serialized files now loaded: 0)
Unloading 48 unused Assets / (0.9 MB). Loaded Objects now: 5965.
Memory consumption went from 216.6 MB to 215.7 MB.
Total: 8.150500 ms (FindLiveObjects: 0.977100 ms CreateObjectMapping: 0.535000 ms MarkObjects: 6.076200 ms  DeleteObjects: 0.560900 ms)

AssetImportParameters requested are different than current active one (requested -> active):
  custom:video-decoder-ogg-theora: a1e56fd34408186e4bbccfd4996cb3dc -> 
  custom:container-muxer-webm: aa71ff27fc2769a1b78a27578f13a17b -> 
  custom:container-demuxer-webm: 4f35f7cbe854078d1ac9338744f61a02 -> 
  custom:video-encoder-webm-vp8: eb34c28f22e8b96e1ab97ce403110664 -> 
  custom:audio-encoder-webm-vorbis: bf7c407c2cedff20999df2af8eb42d56 -> 
  custom:framework-win-MediaFoundation: 216162199b28c13a410421893ffa2e32 -> 
  custom:container-demuxer-ogg: 62fdf1f143b41e24485cea50d1cbac27 -> 
  custom:video-decoder-webm-vp8: 9c59270c3fd7afecdb556c50c9e8de78 -> 
  custom:audio-decoder-ogg-vorbis: bf7c407c2cedff20999df2af8eb42d56 -> 
========================================================================
Received Import Request.
  Time since last request: 12528.817625 seconds.
  path: Assets/Assets/PixelTilesForSideScroller/Sprites/Concrete/ConcreteSlopeWithGrass111.png
  artifactKey: Guid(c5a79e744b713cf41b90ec136bdcbb58) Importer(815301076,1909f56bfc062723c751e8b465ee728b)
Start importing Assets/Assets/PixelTilesForSideScroller/Sprites/Concrete/ConcreteSlopeWithGrass111.png using Guid(c5a79e744b713cf41b90ec136bdcbb58) Importer(815301076,1909f56bfc062723c751e8b465ee728b)  -> (artifact id: 'e4a5d8060a3e362e3ac04c2ddce5cef0') in 0.169401 seconds 
========================================================================
Received Import Request.
  Time since last request: 2.188276 seconds.
  path: Assets/Assets/PixelTilesForSideScroller/Sprites/Concrete/ConcreteSlopeWithGrass118.png
  artifactKey: Guid(564b32696ab38ab4cb06750862840853) Importer(815301076,1909f56bfc062723c751e8b465ee728b)
Start importing Assets/Assets/PixelTilesForSideScroller/Sprites/Concrete/ConcreteSlopeWithGrass118.png using Guid(564b32696ab38ab4cb06750862840853) Importer(815301076,1909f56bfc062723c751e8b465ee728b)  -> (artifact id: 'c34f43d92ad61c8a66bb0f7c1332e11e') in 0.011730 seconds 
========================================================================
Received Import Request.
  Time since last request: 0.000021 seconds.
  path: Assets/Assets/PixelTilesForSideScroller/Sprites/Concrete/ConcreteSlopeWithGrass127.png
  artifactKey: Guid(42661916190d1b54ea4c172ef231a8aa) Importer(815301076,1909f56bfc062723c751e8b465ee728b)
Start importing Assets/Assets/PixelTilesForSideScroller/Sprites/Concrete/ConcreteSlopeWithGrass127.png using Guid(42661916190d1b54ea4c172ef231a8aa) Importer(815301076,1909f56bfc062723c751e8b465ee728b)  -> (artifact id: '46019e4c7031626db651de37b80918ad') in 0.012592 seconds 
========================================================================
Received Import Request.
  Time since last request: 0.000024 seconds.
  path: Assets/Assets/PixelTilesForSideScroller/Sprites/Concrete/ConcreteSlopeWithGrass120.png
  artifactKey: Guid(e8be467b219d37d4c93a19b15ec2fabc) Importer(815301076,1909f56bfc062723c751e8b465ee728b)
Start importing Assets/Assets/PixelTilesForSideScroller/Sprites/Concrete/ConcreteSlopeWithGrass120.png using Guid(e8be467b219d37d4c93a19b15ec2fabc) Importer(815301076,1909f56bfc062723c751e8b465ee728b)  -> (artifact id: '94085ca36d57a5e358c3ac9919dc638c') in 0.010213 seconds 
========================================================================
Received Import Request.
  Time since last request: 0.000023 seconds.
  path: Assets/Assets/PixelTilesForSideScroller/Sprites/Concrete/ConcreteSlopeWithGrass134.png
  artifactKey: Guid(2dfa1be48e9389347ba8ddf31021c046) Importer(815301076,1909f56bfc062723c751e8b465ee728b)
Start importing Assets/Assets/PixelTilesForSideScroller/Sprites/Concrete/ConcreteSlopeWithGrass134.png using Guid(2dfa1be48e9389347ba8ddf31021c046) Importer(815301076,1909f56bfc062723c751e8b465ee728b)  -> (artifact id: 'c2c7288f4146cccf1d7b08ed8f611845') in 0.009711 seconds 
========================================================================
Received Import Request.
  Time since last request: 7.511111 seconds.
  path: Assets/Assets/PixelTilesForSideScroller/Sprites/Concrete/ConcreteSlopeWithGrass140.png
  artifactKey: Guid(7733b01c10c3e944aaebc876cad7e700) Importer(815301076,1909f56bfc062723c751e8b465ee728b)
Start importing Assets/Assets/PixelTilesForSideScroller/Sprites/Concrete/ConcreteSlopeWithGrass140.png using Guid(7733b01c10c3e944aaebc876cad7e700) Importer(815301076,1909f56bfc062723c751e8b465ee728b)  -> (artifact id: '4184713330e0f85c908106164858d5d7') in 0.012919 seconds 
========================================================================
Received Import Request.
  Time since last request: 0.000026 seconds.
  path: Assets/Assets/PixelTilesForSideScroller/Sprites/Concrete/ConcreteSlopeWithGrass150.png
  artifactKey: Guid(fda8fd814c9365345b642d7f6aef96f0) Importer(815301076,1909f56bfc062723c751e8b465ee728b)
Start importing Assets/Assets/PixelTilesForSideScroller/Sprites/Concrete/ConcreteSlopeWithGrass150.png using Guid(fda8fd814c9365345b642d7f6aef96f0) Importer(815301076,1909f56bfc062723c751e8b465ee728b)  -> (artifact id: 'f13177216a7639c56315a021b56bbcc0') in 0.013544 seconds 
========================================================================
Received Import Request.
  Time since last request: 0.000017 seconds.
  path: Assets/Assets/PixelTilesForSideScroller/Sprites/Concrete/ConcreteSlopeWithGrass145.png
  artifactKey: Guid(8a2dc8f4ff32a2840b893f836c45278a) Importer(815301076,1909f56bfc062723c751e8b465ee728b)
Start importing Assets/Assets/PixelTilesForSideScroller/Sprites/Concrete/ConcreteSlopeWithGrass145.png using Guid(8a2dc8f4ff32a2840b893f836c45278a) Importer(815301076,1909f56bfc062723c751e8b465ee728b)  -> (artifact id: '98b833d6fbcdb9359aa1ce8349734c02') in 0.010396 seconds 
========================================================================
Received Import Request.
  Time since last request: 0.000021 seconds.
  path: Assets/Assets/PixelTilesForSideScroller/Sprites/Concrete/ConcreteStairsWithGrass10.png
  artifactKey: Guid(faa0c3d4355985042b50e89774c1f650) Importer(815301076,1909f56bfc062723c751e8b465ee728b)
Start importing Assets/Assets/PixelTilesForSideScroller/Sprites/Concrete/ConcreteStairsWithGrass10.png using Guid(faa0c3d4355985042b50e89774c1f650) Importer(815301076,1909f56bfc062723c751e8b465ee728b)  -> (artifact id: 'ed735e0f5016a53b7f27c7f4a0ed4798') in 0.011852 seconds 
========================================================================
Received Import Request.
  Time since last request: 0.000015 seconds.
  path: Assets/Assets/PixelTilesForSideScroller/Sprites/Concrete/ConcreteStairsWithGrass7.png
  artifactKey: Guid(801cbf2dd326a6745809e2c4aa1ecd0d) Importer(815301076,1909f56bfc062723c751e8b465ee728b)
Start importing Assets/Assets/PixelTilesForSideScroller/Sprites/Concrete/ConcreteStairsWithGrass7.png using Guid(801cbf2dd326a6745809e2c4aa1ecd0d) Importer(815301076,1909f56bfc062723c751e8b465ee728b)  -> (artifact id: '2262e70aa82b1a44e37dd351f5442e6e') in 0.010612 seconds 
========================================================================
Received Import Request.
  Time since last request: 0.000017 seconds.
  path: Assets/Assets/PixelTilesForSideScroller/Sprites/Concrete/ConcreteSlopeWithGrass153.png
  artifactKey: Guid(e026bd6ec42c55b47a4ec21701cb7068) Importer(815301076,1909f56bfc062723c751e8b465ee728b)
Start importing Assets/Assets/PixelTilesForSideScroller/Sprites/Concrete/ConcreteSlopeWithGrass153.png using Guid(e026bd6ec42c55b47a4ec21701cb7068) Importer(815301076,1909f56bfc062723c751e8b465ee728b)  -> (artifact id: '9d89b759edbd8c9928b0964cbdba9b16') in 0.011177 seconds 
========================================================================
Received Import Request.
  Time since last request: 0.974057 seconds.
  path: Assets/Assets/PixelTilesForSideScroller/Sprites/Concrete/ConcreteWithGrass9.png
  artifactKey: Guid(d2da992103028344b8255ba548d26e92) Importer(815301076,1909f56bfc062723c751e8b465ee728b)
Start importing Assets/Assets/PixelTilesForSideScroller/Sprites/Concrete/ConcreteWithGrass9.png using Guid(d2da992103028344b8255ba548d26e92) Importer(815301076,1909f56bfc062723c751e8b465ee728b)  -> (artifact id: 'a3c9094c7ff8264195c35afa02c73b6a') in 0.010308 seconds 
========================================================================
Received Import Request.
  Time since last request: 0.000022 seconds.
  path: Assets/Assets/PixelTilesForSideScroller/Sprites/Concrete/ConcreteWithGrass18.png
  artifactKey: Guid(483dc8dd9c1811948b22a8ab69423159) Importer(815301076,1909f56bfc062723c751e8b465ee728b)
Start importing Assets/Assets/PixelTilesForSideScroller/Sprites/Concrete/ConcreteWithGrass18.png using Guid(483dc8dd9c1811948b22a8ab69423159) Importer(815301076,1909f56bfc062723c751e8b465ee728b)  -> (artifact id: '3314fadb9bc3cb20120ab5b03f471216') in 0.014147 seconds 
========================================================================
Received Import Request.
  Time since last request: 0.000023 seconds.
  path: Assets/Assets/PixelTilesForSideScroller/Sprites/Concrete/ConcreteWithGrass16.png
  artifactKey: Guid(5a7ba0e66e2e8a4438e1683e8dbf995a) Importer(815301076,1909f56bfc062723c751e8b465ee728b)
Start importing Assets/Assets/PixelTilesForSideScroller/Sprites/Concrete/ConcreteWithGrass16.png using Guid(5a7ba0e66e2e8a4438e1683e8dbf995a) Importer(815301076,1909f56bfc062723c751e8b465ee728b)  -> (artifact id: 'fd58961162d1be377f44819d83a7ad64') in 0.013481 seconds 
========================================================================
Received Import Request.
  Time since last request: 0.000016 seconds.
  path: Assets/Assets/PixelTilesForSideScroller/Sprites/Concrete/ConcreteWithGrass11.png
  artifactKey: Guid(fdf11eb3e8d77854f9550c9198f6e1e5) Importer(815301076,1909f56bfc062723c751e8b465ee728b)
Start importing Assets/Assets/PixelTilesForSideScroller/Sprites/Concrete/ConcreteWithGrass11.png using Guid(fdf11eb3e8d77854f9550c9198f6e1e5) Importer(815301076,1909f56bfc062723c751e8b465ee728b)  -> (artifact id: '839140cae5c2e73eabdf260d3fa846d4') in 0.009630 seconds 
========================================================================
Received Import Request.
  Time since last request: 0.636347 seconds.
  path: Assets/Assets/PixelTilesForSideScroller/Sprites/Concrete/ConcreteWithGrass31.png
  artifactKey: Guid(816975f11a5150f4e9fd17966f4e8e97) Importer(815301076,1909f56bfc062723c751e8b465ee728b)
Start importing Assets/Assets/PixelTilesForSideScroller/Sprites/Concrete/ConcreteWithGrass31.png using Guid(816975f11a5150f4e9fd17966f4e8e97) Importer(815301076,1909f56bfc062723c751e8b465ee728b)  -> (artifact id: '2be99c9ea0dd048ecd19353c0e3a20a2') in 0.012596 seconds 
========================================================================
Received Import Request.
  Time since last request: 0.000025 seconds.
  path: Assets/Assets/PixelTilesForSideScroller/Sprites/Concrete/ConcreteWithGrass45.png
  artifactKey: Guid(9ea5bb54c0472854f8ddc09b49ade285) Importer(815301076,1909f56bfc062723c751e8b465ee728b)
Start importing Assets/Assets/PixelTilesForSideScroller/Sprites/Concrete/ConcreteWithGrass45.png using Guid(9ea5bb54c0472854f8ddc09b49ade285) Importer(815301076,1909f56bfc062723c751e8b465ee728b)  -> (artifact id: 'afd2a8a1a1d48bcb1aeb698dcdd4c94f') in 0.016621 seconds 
========================================================================
Received Import Request.
  Time since last request: 0.000021 seconds.
  path: Assets/Assets/PixelTilesForSideScroller/Sprites/Concrete/ConcreteWithGrass47.png
  artifactKey: Guid(c7a7563c6c64ee3469df2a5e4fb00862) Importer(815301076,1909f56bfc062723c751e8b465ee728b)
Start importing Assets/Assets/PixelTilesForSideScroller/Sprites/Concrete/ConcreteWithGrass47.png using Guid(c7a7563c6c64ee3469df2a5e4fb00862) Importer(815301076,1909f56bfc062723c751e8b465ee728b)  -> (artifact id: 'fd0c7b9aecc61198e41357f60259ad29') in 0.019260 seconds 
========================================================================
Received Import Request.
  Time since last request: 0.360724 seconds.
  path: Assets/Assets/PixelTilesForSideScroller/Sprites/Concrete/ConcreteWithGrass53.png
  artifactKey: Guid(85f99ea269231a8429929bad9c8b62bc) Importer(815301076,1909f56bfc062723c751e8b465ee728b)
Start importing Assets/Assets/PixelTilesForSideScroller/Sprites/Concrete/ConcreteWithGrass53.png using Guid(85f99ea269231a8429929bad9c8b62bc) Importer(815301076,1909f56bfc062723c751e8b465ee728b)  -> (artifact id: '53af5afb1c0b145db89ab491dfbf8af6') in 0.011824 seconds 
========================================================================
Received Import Request.
  Time since last request: 0.000022 seconds.
  path: Assets/Assets/PixelTilesForSideScroller/Sprites/Concrete/ConcreteWithGrass60.png
  artifactKey: Guid(a61849b5d7b6ad14d92edcc0416627b8) Importer(815301076,1909f56bfc062723c751e8b465ee728b)
Start importing Assets/Assets/PixelTilesForSideScroller/Sprites/Concrete/ConcreteWithGrass60.png using Guid(a61849b5d7b6ad14d92edcc0416627b8) Importer(815301076,1909f56bfc062723c751e8b465ee728b)  -> (artifact id: 'a8b212245c9bd072858c1e0a6a0b9987') in 0.010604 seconds 
========================================================================
Received Import Request.
  Time since last request: 0.000028 seconds.
  path: Assets/Assets/PixelTilesForSideScroller/Sprites/Concrete/ConcreteWithGrass57.png
  artifactKey: Guid(9b45fc0d678a79642a511626464e23dd) Importer(815301076,1909f56bfc062723c751e8b465ee728b)
Start importing Assets/Assets/PixelTilesForSideScroller/Sprites/Concrete/ConcreteWithGrass57.png using Guid(9b45fc0d678a79642a511626464e23dd) Importer(815301076,1909f56bfc062723c751e8b465ee728b)  -> (artifact id: 'bfc95efb04c29c2dc106bf1da36cb1bd') in 0.012447 seconds 
========================================================================
Received Import Request.
  Time since last request: 0.000017 seconds.
  path: Assets/Assets/PixelTilesForSideScroller/Sprites/Concrete/ConcreteWithGrass63.png
  artifactKey: Guid(6e035ac1fd48f3048a4a74f87f2fe83e) Importer(815301076,1909f56bfc062723c751e8b465ee728b)
Start importing Assets/Assets/PixelTilesForSideScroller/Sprites/Concrete/ConcreteWithGrass63.png using Guid(6e035ac1fd48f3048a4a74f87f2fe83e) Importer(815301076,1909f56bfc062723c751e8b465ee728b)  -> (artifact id: 'e3053d7aceaf1004f35a96f7741341e9') in 0.009977 seconds 
========================================================================
Received Import Request.
  Time since last request: 0.028991 seconds.
  path: Assets/Assets/PixelTilesForSideScroller/Sprites/Concrete/ConcreteWithGrass75.png
  artifactKey: Guid(bd5c043e06acd1b42ac60a20baf3f3c1) Importer(815301076,1909f56bfc062723c751e8b465ee728b)
Start importing Assets/Assets/PixelTilesForSideScroller/Sprites/Concrete/ConcreteWithGrass75.png using Guid(bd5c043e06acd1b42ac60a20baf3f3c1) Importer(815301076,1909f56bfc062723c751e8b465ee728b)  -> (artifact id: 'e32e7b8bc11d2d92634caad6f1369ced') in 0.012214 seconds 
========================================================================
Received Import Request.
  Time since last request: 0.000023 seconds.
  path: Assets/Assets/PixelTilesForSideScroller/Sprites/Concrete/ConcreteWithGrass83.png
  artifactKey: Guid(d4b1609edeb78a54ca678d7a9d323634) Importer(815301076,1909f56bfc062723c751e8b465ee728b)
Start importing Assets/Assets/PixelTilesForSideScroller/Sprites/Concrete/ConcreteWithGrass83.png using Guid(d4b1609edeb78a54ca678d7a9d323634) Importer(815301076,1909f56bfc062723c751e8b465ee728b)  -> (artifact id: '223e10c5c1f4fab5098a2123a207f3b6') in 0.009636 seconds 
========================================================================
Received Import Request.
  Time since last request: 0.000022 seconds.
  path: Assets/Assets/PixelTilesForSideScroller/Sprites/Concrete/ConcreteWithGrass78.png
  artifactKey: Guid(11854ea6148210a47b0c3326fdc8e167) Importer(815301076,1909f56bfc062723c751e8b465ee728b)
Start importing Assets/Assets/PixelTilesForSideScroller/Sprites/Concrete/ConcreteWithGrass78.png using Guid(11854ea6148210a47b0c3326fdc8e167) Importer(815301076,1909f56bfc062723c751e8b465ee728b)  -> (artifact id: 'eed73d190e585d4fa78a8ad256521aef') in 0.011814 seconds 
========================================================================
Received Import Request.
  Time since last request: 0.000025 seconds.
  path: Assets/Assets/PixelTilesForSideScroller/Sprites/Concrete/ConcreteWithGrass80.png
  artifactKey: Guid(3ec2b7748fcc93243a2c503af708f5a0) Importer(815301076,1909f56bfc062723c751e8b465ee728b)
Start importing Assets/Assets/PixelTilesForSideScroller/Sprites/Concrete/ConcreteWithGrass80.png using Guid(3ec2b7748fcc93243a2c503af708f5a0) Importer(815301076,1909f56bfc062723c751e8b465ee728b)  -> (artifact id: '5bd118e77b85a3e4bf63299dda94206b') in 0.010307 seconds 
========================================================================
Received Import Request.
  Time since last request: 22.552340 seconds.
  path: Assets/Assets/PixelTilesForSideScroller/Sprites/Concrete/ConcreteWithGrass122.png
  artifactKey: Guid(bf0a1df87f0df104bb719fc1571f35d6) Importer(815301076,1909f56bfc062723c751e8b465ee728b)
Start importing Assets/Assets/PixelTilesForSideScroller/Sprites/Concrete/ConcreteWithGrass122.png using Guid(bf0a1df87f0df104bb719fc1571f35d6) Importer(815301076,1909f56bfc062723c751e8b465ee728b)  -> (artifact id: '3b346ee500e0fa2abf0e3aedfb51f695') in 0.016350 seconds 
========================================================================
Received Import Request.
  Time since last request: 0.000030 seconds.
  path: Assets/Assets/PixelTilesForSideScroller/Sprites/Concrete/ConcreteWithGrass143.png
  artifactKey: Guid(805cd876d916d5c479b0b386a432bc0e) Importer(815301076,1909f56bfc062723c751e8b465ee728b)
Start importing Assets/Assets/PixelTilesForSideScroller/Sprites/Concrete/ConcreteWithGrass143.png using Guid(805cd876d916d5c479b0b386a432bc0e) Importer(815301076,1909f56bfc062723c751e8b465ee728b)  -> (artifact id: '2ebece630c164e5a5fd0d948bfdccba7') in 0.013539 seconds 
========================================================================
Received Import Request.
  Time since last request: 0.000029 seconds.
  path: Assets/Assets/PixelTilesForSideScroller/Sprites/Concrete/ConcreteWithGrass188.png
  artifactKey: Guid(826d53393f933fa4b8a7dace4226f994) Importer(815301076,1909f56bfc062723c751e8b465ee728b)
Start importing Assets/Assets/PixelTilesForSideScroller/Sprites/Concrete/ConcreteWithGrass188.png using Guid(826d53393f933fa4b8a7dace4226f994) Importer(815301076,1909f56bfc062723c751e8b465ee728b)  -> (artifact id: '1aa245a23988b05fada25cc9062c0e62') in 0.012488 seconds 
========================================================================
Received Import Request.
  Time since last request: 0.000036 seconds.
  path: Assets/Assets/PixelTilesForSideScroller/Sprites/Concrete/ConcreteWithGrass137.png
  artifactKey: Guid(b2b434f9717c0c241aedb4d9e218b1e3) Importer(815301076,1909f56bfc062723c751e8b465ee728b)
Start importing Assets/Assets/PixelTilesForSideScroller/Sprites/Concrete/ConcreteWithGrass137.png using Guid(b2b434f9717c0c241aedb4d9e218b1e3) Importer(815301076,1909f56bfc062723c751e8b465ee728b)  -> (artifact id: 'eea913cf14cb1b106e056e20edb62371') in 0.013241 seconds 
========================================================================
Received Import Request.
  Time since last request: 0.000021 seconds.
  path: Assets/Assets/PixelTilesForSideScroller/Sprites/Concrete/ConcreteWithGrass139.png
  artifactKey: Guid(80d8fe15ddab9984cb14721657fbfd3e) Importer(815301076,1909f56bfc062723c751e8b465ee728b)
Start importing Assets/Assets/PixelTilesForSideScroller/Sprites/Concrete/ConcreteWithGrass139.png using Guid(80d8fe15ddab9984cb14721657fbfd3e) Importer(815301076,1909f56bfc062723c751e8b465ee728b)  -> (artifact id: '81722109061601b9498f02a1efec31f0') in 0.014070 seconds 
========================================================================
Received Import Request.
  Time since last request: 0.000023 seconds.
  path: Assets/Assets/PixelTilesForSideScroller/Sprites/Concrete/ConcreteWithGrass208.png
  artifactKey: Guid(5ef670d1043f4aa44b318a6ef7d3ea35) Importer(815301076,1909f56bfc062723c751e8b465ee728b)
Start importing Assets/Assets/PixelTilesForSideScroller/Sprites/Concrete/ConcreteWithGrass208.png using Guid(5ef670d1043f4aa44b318a6ef7d3ea35) Importer(815301076,1909f56bfc062723c751e8b465ee728b)  -> (artifact id: 'db6fb382fbded533c0e324a108a06d00') in 0.011699 seconds 
========================================================================
Received Import Request.
  Time since last request: 0.000017 seconds.
  path: Assets/Assets/PixelTilesForSideScroller/Sprites/Concrete/ConcreteWithGrass194.png
  artifactKey: Guid(dc2f3ad3eec3ab7448c815403258d232) Importer(815301076,1909f56bfc062723c751e8b465ee728b)
Start importing Assets/Assets/PixelTilesForSideScroller/Sprites/Concrete/ConcreteWithGrass194.png using Guid(dc2f3ad3eec3ab7448c815403258d232) Importer(815301076,1909f56bfc062723c751e8b465ee728b)  -> (artifact id: '0f192ed137c7a60e3496a7d03c7eabd8') in 0.011212 seconds 
========================================================================
Received Import Request.
  Time since last request: 0.000020 seconds.
  path: Assets/Assets/PixelTilesForSideScroller/Sprites/Concrete/ConcreteWithGrass142.png
  artifactKey: Guid(e7f150a640390ab48ba435b2244dce88) Importer(815301076,1909f56bfc062723c751e8b465ee728b)
Start importing Assets/Assets/PixelTilesForSideScroller/Sprites/Concrete/ConcreteWithGrass142.png using Guid(e7f150a640390ab48ba435b2244dce88) Importer(815301076,1909f56bfc062723c751e8b465ee728b)  -> (artifact id: 'ca53cfdab2d5658d058f9077445b453b') in 0.009725 seconds 
========================================================================
Received Import Request.
  Time since last request: 0.000026 seconds.
  path: Assets/Assets/PixelTilesForSideScroller/Sprites/Concrete/ConcreteWithGrass205.png
  artifactKey: Guid(7b7f968ffc206234ca12416b1979bfa9) Importer(815301076,1909f56bfc062723c751e8b465ee728b)
Start importing Assets/Assets/PixelTilesForSideScroller/Sprites/Concrete/ConcreteWithGrass205.png using Guid(7b7f968ffc206234ca12416b1979bfa9) Importer(815301076,1909f56bfc062723c751e8b465ee728b)  -> (artifact id: '4de601a8fb355fd61906adfba41856e4') in 0.013263 seconds 
========================================================================
Received Import Request.
  Time since last request: 0.000054 seconds.
  path: Assets/Assets/PixelTilesForSideScroller/Sprites/Concrete/ConcreteWithGrass132.png
  artifactKey: Guid(92fa45d5661518342a1fd8b4ae9acce4) Importer(815301076,1909f56bfc062723c751e8b465ee728b)
Start importing Assets/Assets/PixelTilesForSideScroller/Sprites/Concrete/ConcreteWithGrass132.png using Guid(92fa45d5661518342a1fd8b4ae9acce4) Importer(815301076,1909f56bfc062723c751e8b465ee728b)  -> (artifact id: '6eac314c74816b8749e33eae25e72245') in 0.011322 seconds 
========================================================================
Received Import Request.
  Time since last request: 0.000026 seconds.
  path: Assets/Assets/PixelTilesForSideScroller/Sprites/Concrete/ConcreteWithGrass125.png
  artifactKey: Guid(479c7adf51484b14daecb03d4441d6d2) Importer(815301076,1909f56bfc062723c751e8b465ee728b)
Start importing Assets/Assets/PixelTilesForSideScroller/Sprites/Concrete/ConcreteWithGrass125.png using Guid(479c7adf51484b14daecb03d4441d6d2) Importer(815301076,1909f56bfc062723c751e8b465ee728b)  -> (artifact id: '72421c8937fa829b9ed2e1cfa7955185') in 0.013211 seconds 
========================================================================
Received Import Request.
  Time since last request: 0.000022 seconds.
  path: Assets/Assets/PixelTilesForSideScroller/Sprites/Concrete/ConcreteWithGrass152.png
  artifactKey: Guid(5a31e62d6f57df7429f789265138478f) Importer(815301076,1909f56bfc062723c751e8b465ee728b)
Start importing Assets/Assets/PixelTilesForSideScroller/Sprites/Concrete/ConcreteWithGrass152.png using Guid(5a31e62d6f57df7429f789265138478f) Importer(815301076,1909f56bfc062723c751e8b465ee728b)  -> (artifact id: 'adb93adac7c84ef7a9fd28632cd89de1') in 0.013294 seconds 
========================================================================
Received Import Request.
  Time since last request: 0.000021 seconds.
  path: Assets/Assets/PixelTilesForSideScroller/Sprites/Concrete/ConcreteWithGrass190.png
  artifactKey: Guid(25a1d84c517097643949dd50d897dde1) Importer(815301076,1909f56bfc062723c751e8b465ee728b)
Start importing Assets/Assets/PixelTilesForSideScroller/Sprites/Concrete/ConcreteWithGrass190.png using Guid(25a1d84c517097643949dd50d897dde1) Importer(815301076,1909f56bfc062723c751e8b465ee728b)  -> (artifact id: 'b63f96a2420340196b235df03bf6e4d2') in 0.013269 seconds 
========================================================================
Received Import Request.
  Time since last request: 0.000027 seconds.
  path: Assets/Assets/PixelTilesForSideScroller/Sprites/Concrete/ConcreteWithGrass155.png
  artifactKey: Guid(5d51e8c4b609dc44680a594d5b81a396) Importer(815301076,1909f56bfc062723c751e8b465ee728b)
Start importing Assets/Assets/PixelTilesForSideScroller/Sprites/Concrete/ConcreteWithGrass155.png using Guid(5d51e8c4b609dc44680a594d5b81a396) Importer(815301076,1909f56bfc062723c751e8b465ee728b)  -> (artifact id: 'cae1bc4e1038cd551cb1bc0273d4e8f9') in 0.012263 seconds 
========================================================================
Received Import Request.
  Time since last request: 0.000034 seconds.
  path: Assets/Assets/PixelTilesForSideScroller/Sprites/Concrete/ConcreteWithGrass166.png
  artifactKey: Guid(5341f03ca183c4e44bd3e0931e99a0af) Importer(815301076,1909f56bfc062723c751e8b465ee728b)
Start importing Assets/Assets/PixelTilesForSideScroller/Sprites/Concrete/ConcreteWithGrass166.png using Guid(5341f03ca183c4e44bd3e0931e99a0af) Importer(815301076,1909f56bfc062723c751e8b465ee728b)  -> (artifact id: '43ad5c4a9a761e793ca7d0a2087c2c54') in 0.010770 seconds 
========================================================================
Received Import Request.
  Time since last request: 0.000025 seconds.
  path: Assets/Assets/PixelTilesForSideScroller/Sprites/Concrete/ConcreteWithGrass178.png
  artifactKey: Guid(6c5e456fd06178e4597de2de4f67e68c) Importer(815301076,1909f56bfc062723c751e8b465ee728b)
Start importing Assets/Assets/PixelTilesForSideScroller/Sprites/Concrete/ConcreteWithGrass178.png using Guid(6c5e456fd06178e4597de2de4f67e68c) Importer(815301076,1909f56bfc062723c751e8b465ee728b)  -> (artifact id: 'ddd4a60711ec39000f12ae9c3a0a2a06') in 0.010665 seconds 
========================================================================
Received Import Request.
  Time since last request: 4.799074 seconds.
  path: Assets/Assets/PixelTilesForSideScroller/Sprites/Concrete/ConcreteWithGrass100.png
  artifactKey: Guid(ea40c005c2e048c4088ae0d29d8bdb8d) Importer(815301076,1909f56bfc062723c751e8b465ee728b)
Start importing Assets/Assets/PixelTilesForSideScroller/Sprites/Concrete/ConcreteWithGrass100.png using Guid(ea40c005c2e048c4088ae0d29d8bdb8d) Importer(815301076,1909f56bfc062723c751e8b465ee728b)  -> (artifact id: '100db9692ec46a9084f42c56fd1f7da6') in 0.012290 seconds 
========================================================================
Received Import Request.
  Time since last request: 0.000026 seconds.
  path: Assets/Assets/PixelTilesForSideScroller/Sprites/Concrete/ConcreteWithGrass112.png
  artifactKey: Guid(8f324c6cb4c19a84f9502bc16db11659) Importer(815301076,1909f56bfc062723c751e8b465ee728b)
Start importing Assets/Assets/PixelTilesForSideScroller/Sprites/Concrete/ConcreteWithGrass112.png using Guid(8f324c6cb4c19a84f9502bc16db11659) Importer(815301076,1909f56bfc062723c751e8b465ee728b)  -> (artifact id: 'cae921aea7bacb3baf08bb50f4fcfdbc') in 0.017148 seconds 
========================================================================
Received Import Request.
  Time since last request: 0.000020 seconds.
  path: Assets/Assets/PixelTilesForSideScroller/Sprites/Concrete/ConcreteWithGrass116.png
  artifactKey: Guid(13381a9b871981e43a9f1ca374b15eb9) Importer(815301076,1909f56bfc062723c751e8b465ee728b)
Start importing Assets/Assets/PixelTilesForSideScroller/Sprites/Concrete/ConcreteWithGrass116.png using Guid(13381a9b871981e43a9f1ca374b15eb9) Importer(815301076,1909f56bfc062723c751e8b465ee728b)  -> (artifact id: 'e1119593292d68eca287de06c760814d') in 0.012569 seconds 
========================================================================
Received Import Request.
  Time since last request: 3.872790 seconds.
  path: Assets/Assets/PixelTilesForSideScroller/TileAssets/Concrete/ConcreteWithGrass128.asset
  artifactKey: Guid(3a354825432f168429534f82fee3f84d) Importer(815301076,1909f56bfc062723c751e8b465ee728b)
Start importing Assets/Assets/PixelTilesForSideScroller/TileAssets/Concrete/ConcreteWithGrass128.asset using Guid(3a354825432f168429534f82fee3f84d) Importer(815301076,1909f56bfc062723c751e8b465ee728b)  -> (artifact id: '8705e0187e50565e83a8340026e0a02d') in 0.101223 seconds 
Editor requested this worker to shutdown with reason: Scaling down because of idle timeout
AssetImportWorkerClient::OnTransportError - code=2 error=End of file
AssetImportWorker is now disconnected from the server
Process exiting
Exiting without the bug reporter. Application will terminate with return code 0